#
# A fatal error has been detected by the Java Runtime Environment:
#
#  EXCEPTION_ACCESS_VIOLATION (0xc0000005) at pc=0x00007ffa2667d69a, pid=10416, tid=12740
#
# JRE version: OpenJDK Runtime Environment Temurin-17.0.2+8 (17.0.2+8) (build 17.0.2+8)
# Java VM: OpenJDK 64-Bit Server VM Temurin-17.0.2+8 (17.0.2+8, mixed mode, emulated-client, tiered, compressed oops, compressed class ptrs, g1 gc, windows-amd64)
# Problematic frame:
# V  [jvm.dll+0x79d69a]
#
# No core dump will be written. Minidumps are not enabled by default on client versions of Windows
#
# If you would like to submit a bug report, please visit:
#   https://github.com/adoptium/adoptium-support/issues
#

---------------  S U M M A R Y ------------

Command Line: -XX:+ShowCodeDetailsInExceptionMessages -agentlib:jdwp=transport=dt_socket,suspend=y,address=localhost:51127 -Dcom.sun.management.jmxremote -Dcom.sun.management.jmxremote.port=51125 -Dcom.sun.management.jmxremote.authenticate=false -Dcom.sun.management.jmxremote.ssl=false -Djava.rmi.server.hostname=localhost -Dspring.jmx.enabled=true -Dspring.application.admin.enabled=true -XX:TieredStopAtLevel=1 -Dspring.boot.project.name=mini-autorizador -javaagent:C:\desenvolvimento\sts-4.14.1.RELEASE\configuration\org.eclipse.osgi\265\0\.cp\lib\javaagent-shaded.jar -Dfile.encoding=UTF-8 br.com.vr.MiniAutorizadorApplication --spring.output.ansi.enabled=always

Host: Intel(R) Core(TM) i5-10400 CPU @ 2.90GHz, 12 cores, 31G,  Windows 10 , 64 bit Build 19041 (10.0.19041.2251)
Time: Tue Nov 15 00:31:23 2022 Hora oficial do Brasil elapsed time: 8.181829 seconds (0d 0h 0m 8s)

---------------  T H R E A D  ---------------

Current thread (0x0000018a226cec10):  JavaThread "JDWP Transport Listener: dt_socket" daemon [_thread_in_vm, id=12740, stack(0x0000000e80300000,0x0000000e80400000)]

Stack: [0x0000000e80300000,0x0000000e80400000],  sp=0x0000000e803ff180,  free space=1020k
Native frames: (J=compiled Java code, j=interpreted, Vv=VM code, C=native code)
V  [jvm.dll+0x79d69a]
V  [jvm.dll+0x50842c]
V  [jvm.dll+0x4cfa94]
C  [jdwp.dll+0x22dff]


siginfo: EXCEPTION_ACCESS_VIOLATION (0xc0000005), reading address 0x0000000000350005


Register to memory mapping:

RIP=0x00007ffa2667d69a jvm.dll
RAX=0x0000000000000036 is an unknown value
RBX=0x0000018a22485001 points into unknown readable memory: 4f 3b 00 44 65 63 69
RCX=0x0000000000350001 is an unknown value
RDX=0x0000018a26b78cd0 points into unknown readable memory: 0x2f6d6f632f72624c | 4c 62 72 2f 63 6f 6d 2f
RSP=0x0000000e803ff180 is pointing into the stack for thread: 0x0000018a226cec10
RBP=0x0000018a226c5710 points into unknown readable memory: 0x0000000000000002 | 02 00 00 00 00 00 00 00
RSI=0x0 is NULL
RDI=0xffffffffffffffff is an unknown value
R8 =0x0000000000000494 is an unknown value
R9 =0x0000000000000040 is an unknown value
R10=0x0000000000000480 is an unknown value
R11=0x0000000e803ff1a0 is pointing into the stack for thread: 0x0000018a226cec10
R12=0x0000000e803ff2d8 is pointing into the stack for thread: 0x0000018a226cec10
R13=0x0 is NULL
R14=0x00000008003c4210 is a pointer to class: 
br.com.vr.build.CartaoMapper$1 {0x00000008003c4218}
 - instance size:     5
 - klass size:        68
 - access:            synchronized 
 - state:             fully_initialized
 - name:              'br/com/vr/build/CartaoMapper$1'
 - super:             'org/modelmapper/PropertyMap'
 - sub:               
 - arrays:            NULL
 - methods:           Array<T>(0x0000018a28672760)
 - method ordering:   Array<T>(0x0000018a28672918)
 - default_methods:   Array<T>(0x0000000000000000)
 - local interfaces:  Array<T>(0x0000018a21c00058)
 - trans. interfaces: Array<T>(0x0000018a21c00058)
 - constants:         constant pool [70] {0x0000018a28672d80} for 'br/com/vr/build/CartaoMapper$1' cache=0x0000018a28653e88
 - class loader data:  loader data: 0x0000018a2407b710 for instance a 'org/springframework/boot/devtools/restart/classloader/RestartClassLoader'{0x0000000603f63050}
 - source file:       'CartaoMapper.java'
 - source debug extension:       SMAP
CartaoMapper.java
Java
*S jdt
*F
1 CartaoMapper.java
2 file:/C:/CURSOS_AWS/Microservices%20do%200%20com%20Spring%20Cloud,%20Spring%20Boot%20e%20Docker/workspace/mini-autorizador/target/classes/
*L
*E

 - class annotations:       Array<T>(0x0000000000000000)
 - class type annotations:  Array<T>(0x0000000000000000)
 - field annotations:       Array<T>(0x0000000000000000)
 - field type annotations:  Array<T>(0x0000000000000000)
 - generic signature: '
[error occurred during error reporting (printing register info), id 0xc0000005, EXCEPTION_ACCESS_VIOLATION (0xc0000005) at pc=0x00007ffa2667e2a6]

Registers:
RAX=0x0000000000000036, RBX=0x0000018a22485001, RCX=0x0000000000350001, RDX=0x0000018a26b78cd0
RSP=0x0000000e803ff180, RBP=0x0000018a226c5710, RSI=0x0000000000000000, RDI=0xffffffffffffffff
R8 =0x0000000000000494, R9 =0x0000000000000040, R10=0x0000000000000480, R11=0x0000000e803ff1a0
R12=0x0000000e803ff2d8, R13=0x0000000000000000, R14=0x00000008003c4210, R15=0x0000000e803ff328
RIP=0x00007ffa2667d69a, EFLAGS=0x0000000000010202

Top of Stack: (sp=0x0000000e803ff180)
0x0000000e803ff180:   000000000000001e 00000008003c4210
0x0000000e803ff190:   0000018a226cec10 0000000000000000
0x0000000e803ff1a0:   ffffffffffffffff 00007ffa263e842c
0x0000000e803ff1b0:   0000018a22485001 0000018a22484fe0
0x0000000e803ff1c0:   0000018a226c5710 0000018a2271d150
0x0000000e803ff1d0:   0000018a22484fb0 00000000000003d8
0x0000000e803ff1e0:   0000018a22484fc0 0000018a22485398
0x0000000e803ff1f0:   0000000000000002 0000000e803ff2d8
0x0000000e803ff200:   0000000000000000 0000000000000000
0x0000000e803ff210:   000000060419c018 00007ffa263afa94
0x0000000e803ff220:   0000018a226cec10 0000000e803ff328
0x0000000e803ff230:   0000018a0556b540 0000000e803ff328
0x0000000e803ff240:   0000018a226cec10 0000000000000000
0x0000000e803ff250:   0000018a00000000 0000000000000000
0x0000000e803ff260:   000000000000000d 00007ffaabd52dff
0x0000000e803ff270:   0000000e803ff320 00007ffaabd61aa0 

Instructions: (pc=0x00007ffa2667d69a)
0x00007ffa2667d59a:   48 83 c4 20 5f e9 4c 8d 90 ff cc cc cc cc cc cc
0x00007ffa2667d5aa:   cc cc cc cc cc cc 48 89 5c 24 08 57 48 83 ec 20
0x00007ffa2667d5ba:   83 fa 02 8d 42 06 b9 08 00 00 00 49 8b d8 0f 4e
0x00007ffa2667d5ca:   c1 48 63 c8 48 83 c1 07 83 e1 f8 48 63 f9 49 8b
0x00007ffa2667d5da:   48 18 48 8b c7 48 f7 d0 48 3b c1 73 16 4c 8d 05
0x00007ffa2667d5ea:   da 4c 17 00 48 8b d7 48 8b cb e8 57 f0 90 ff 48
0x00007ffa2667d5fa:   8b 4b 18 48 8d 04 39 48 3b 43 20 76 18 45 33 c0
0x00007ffa2667d60a:   48 8b d7 48 8b cb 48 8b 5c 24 30 48 83 c4 20 5f
0x00007ffa2667d61a:   e9 b1 ec 90 ff 48 89 43 18 48 8b c1 48 8b 5c 24
0x00007ffa2667d62a:   30 48 83 c4 20 5f c3 cc cc cc cc cc cc cc cc cc
0x00007ffa2667d63a:   cc cc cc cc cc cc 4c 8b d2 4c 8b d9 45 85 c0 7e
0x00007ffa2667d64a:   3c 44 0f b7 49 04 41 8d 40 ff 41 3b c1 44 0f 4c
0x00007ffa2667d65a:   c8 4d 63 c1 45 85 c9 7e 1f 48 8b c2 4c 2b da 49
0x00007ffa2667d66a:   8b d0 0f 1f 40 00 41 0f b6 4c 03 06 88 08 48 8d
0x00007ffa2667d67a:   40 01 48 83 ea 01 75 ee 43 c6 04 10 00 49 8b c2
0x00007ffa2667d68a:   c3 cc cc cc cc cc 48 89 5c 24 08 57 48 83 ec 20
0x00007ffa2667d69a:   0f b7 59 04 48 8b f9 33 d2 48 8d 4b 01 e8 84 df
0x00007ffa2667d6aa:   f2 ff 0f b7 57 04 4c 8b c0 3b da 0f 42 d3 44 8b
0x00007ffa2667d6ba:   ca 85 d2 74 39 48 2b f8 0f 1f 40 00 66 66 0f 1f
0x00007ffa2667d6ca:   84 00 00 00 00 00 0f b6 4c 07 06 88 08 48 ff c0
0x00007ffa2667d6da:   48 8b c8 49 2b c8 49 3b c9 7c eb 42 c6 04 02 00
0x00007ffa2667d6ea:   49 8b c0 48 8b 5c 24 30 48 83 c4 20 5f c3 48 8b
0x00007ffa2667d6fa:   5c 24 30 c6 04 02 00 48 83 c4 20 5f c3 cc cc cc
0x00007ffa2667d70a:   cc cc cc cc cc cc 4c 8b d1 45 85 c0 7e 6c 44 0f
0x00007ffa2667d71a:   b7 49 04 41 8d 40 ff 41 3b c1 44 0f 4c c8 4d 63
0x00007ffa2667d72a:   d9 45 85 c9 7e 22 48 8b ca 4c 2b d2 4d 8b c3 0f
0x00007ffa2667d73a:   1f 80 00 00 00 00 41 0f b6 44 0a 06 88 01 48 8d
0x00007ffa2667d74a:   49 01 49 83 e8 01 75 ee 41 c6 04 13 00 48 c7 c0
0x00007ffa2667d75a:   ff ff ff ff 66 90 48 ff c0 80 3c 02 00 75 f7 48
0x00007ffa2667d76a:   63 c8 85 c0 48 8b c2 7e 14 80 38 2f 75 03 c6 00
0x00007ffa2667d77a:   2e 48 ff c0 48 83 e9 01 75 ef 48 8b c2 c3 cc cc
0x00007ffa2667d78a:   cc cc cc cc cc cc 48 83 ec 28 e8 f7 fe ff ff 4c 


Stack slot to memory mapping:
stack at sp + 0 slots: 0x000000000000001e is an unknown value
stack at sp + 1 slots: 0x00000008003c4210 is a pointer to class: 
br.com.vr.build.CartaoMapper$1 {0x00000008003c4218}
 - instance size:     5
 - klass size:        68
 - access:            synchronized 
 - state:             fully_initialized
 - name:              'br/com/vr/build/CartaoMapper$1'
 - super:             'org/modelmapper/PropertyMap'
 - sub:               
 - arrays:            NULL
 - methods:           Array<T>(0x0000018a28672760)
 - method ordering:   Array<T>(0x0000018a28672918)
 - default_methods:   Array<T>(0x0000000000000000)
 - local interfaces:  Array<T>(0x0000018a21c00058)
 - trans. interfaces: Array<T>(0x0000018a21c00058)
 - constants:         constant pool [70] {0x0000018a28672d80} for 'br/com/vr/build/CartaoMapper$1' cache=0x0000018a28653e88
 - class loader data:  loader data: 0x0000018a2407b710 for instance a 'org/springframework/boot/devtools/restart/classloader/RestartClassLoader'{0x0000000603f63050}
 - source file:       'CartaoMapper.java'
 - source debug extension:       SMAP
CartaoMapper.java
Java
*S jdt
*F
1 CartaoMapper.java
2 file:/C:/CURSOS_AWS/Microservices%20do%200%20com%20Spring%20Cloud,%20Spring%20Boot%20e%20Docker/workspace/mini-autorizador/target/classes/
*L
*E

 - class annotations:       Array<T>(0x0000000000000000)
 - class type annotations:  Array<T>(0x0000000000000000)
 - field annotations:       Array<T>(0x0000000000000000)
 - field type annotations:  Array<T>(0x0000000000000000)
 - generic signature: '
[error occurred during error reporting (inspecting top of stack), id 0xc0000005, EXCEPTION_ACCESS_VIOLATION (0xc0000005) at pc=0x00007ffa2667e2a6]


---------------  P R O C E S S  ---------------

Threads class SMR info:
_java_thread_list=0x0000018a26a93f20, length=30, elements={
0x0000018a0557e180, 0x0000018a2242be50, 0x0000018a2242cad0, 0x0000018a22443d50,
0x0000018a224468e0, 0x0000018a2247c360, 0x0000018a2247cc20, 0x0000018a224809e0,
0x0000018a22481af0, 0x0000018a2255f050, 0x0000018a22598fc0, 0x0000018a226cec10,
0x0000018a226d0ac0, 0x0000018a226da2e0, 0x0000018a22e8cab0, 0x0000018a230308a0,
0x0000018a230498c0, 0x0000018a23086400, 0x0000018a240ced60, 0x0000018a240c2920,
0x0000018a24302520, 0x0000018a240c7e50, 0x0000018a240c8320, 0x0000018a240c87f0,
0x0000018a240c9b30, 0x0000018a240c6170, 0x0000018a240c6640, 0x0000018a240c6fe0,
0x0000018a240c7980, 0x0000018a269c80d0
}

Java Threads: ( => current thread )
  0x0000018a0557e180 JavaThread "main" [_thread_blocked, id=22312, stack(0x0000000eff100000,0x0000000eff200000)]
  0x0000018a2242be50 JavaThread "Reference Handler" daemon [_thread_blocked, id=20884, stack(0x0000000eff800000,0x0000000eff900000)]
  0x0000018a2242cad0 JavaThread "Finalizer" daemon [_thread_blocked, id=9496, stack(0x0000000eff900000,0x0000000effa00000)]
  0x0000018a22443d50 JavaThread "Signal Dispatcher" daemon [_thread_blocked, id=21172, stack(0x0000000effa00000,0x0000000effb00000)]
  0x0000018a224468e0 JavaThread "Attach Listener" daemon [_thread_blocked, id=7280, stack(0x0000000effb00000,0x0000000effc00000)]
  0x0000018a2247c360 JavaThread "Service Thread" daemon [_thread_blocked, id=1708, stack(0x0000000effc00000,0x0000000effd00000)]
  0x0000018a2247cc20 JavaThread "Monitor Deflation Thread" daemon [_thread_blocked, id=22492, stack(0x0000000effd00000,0x0000000effe00000)]
  0x0000018a224809e0 JavaThread "C1 CompilerThread0" daemon [_thread_blocked, id=6568, stack(0x0000000effe00000,0x0000000efff00000)]
  0x0000018a22481af0 JavaThread "Sweeper thread" daemon [_thread_blocked, id=16480, stack(0x0000000efff00000,0x0000000f00000000)]
  0x0000018a2255f050 JavaThread "Common-Cleaner" daemon [_thread_blocked, id=3276, stack(0x0000000e80000000,0x0000000e80100000)]
  0x0000018a22598fc0 JavaThread "C1 CompilerThread1" daemon [_thread_blocked, id=17104, stack(0x0000000e80100000,0x0000000e80200000)]
=>0x0000018a226cec10 JavaThread "JDWP Transport Listener: dt_socket" daemon [_thread_in_vm, id=12740, stack(0x0000000e80300000,0x0000000e80400000)]
  0x0000018a226d0ac0 JavaThread "JDWP Event Helper Thread" daemon [_thread_blocked, id=9264, stack(0x0000000e80400000,0x0000000e80500000)]
  0x0000018a226da2e0 JavaThread "JDWP Command Reader" daemon [_thread_in_native, id=1244, stack(0x0000000e80500000,0x0000000e80600000)]
  0x0000018a22e8cab0 JavaThread "Notification Thread" daemon [_thread_blocked, id=13292, stack(0x0000000e80600000,0x0000000e80700000)]
  0x0000018a230308a0 JavaThread "RMI TCP Accept-0" daemon [_thread_in_native, id=7712, stack(0x0000000e80700000,0x0000000e80800000)]
  0x0000018a230498c0 JavaThread "RMI TCP Accept-51125" daemon [_thread_in_native, id=5616, stack(0x0000000e80800000,0x0000000e80900000)]
  0x0000018a23086400 JavaThread "RMI TCP Accept-0" daemon [_thread_in_native, id=6612, stack(0x0000000e80900000,0x0000000e80a00000)]
  0x0000018a240ced60 JavaThread "Thread-0" [_thread_blocked, id=10748, stack(0x0000000e81600000,0x0000000e81700000)]
  0x0000018a240c2920 JavaThread "restartedMain" [_thread_blocked, id=3152, stack(0x0000000e81700000,0x0000000e81800000)]
  0x0000018a24302520 JavaThread "RMI TCP Connection(1)-127.0.0.1" daemon [_thread_in_native, id=22116, stack(0x0000000e81b00000,0x0000000e81c00000)]
  0x0000018a240c7e50 JavaThread "RMI Scheduler(0)" daemon [_thread_blocked, id=21912, stack(0x0000000e81c00000,0x0000000e81d00000)]
  0x0000018a240c8320 JavaThread "RMI TCP Connection(2)-127.0.0.1" daemon [_thread_in_native, id=10148, stack(0x0000000e81d00000,0x0000000e81e00000)]
  0x0000018a240c87f0 JavaThread "JMX server connection timeout 29" daemon [_thread_blocked, id=21252, stack(0x0000000e81e00000,0x0000000e81f00000)]
  0x0000018a240c9b30 JavaThread "Catalina-utility-1" [_thread_blocked, id=1484, stack(0x0000000e81800000,0x0000000e81900000)]
  0x0000018a240c6170 JavaThread "Catalina-utility-2" [_thread_blocked, id=22216, stack(0x0000000e81f00000,0x0000000e82000000)]
  0x0000018a240c6640 JavaThread "container-0" [_thread_blocked, id=19480, stack(0x0000000e82000000,0x0000000e82100000)]
  0x0000018a240c6fe0 JavaThread "mysql-cj-abandoned-connection-cleanup" daemon [_thread_blocked, id=540, stack(0x0000000e82100000,0x0000000e82200000)]
  0x0000018a240c7980 JavaThread "HikariPool-1 housekeeper" daemon [_thread_blocked, id=22044, stack(0x0000000e82300000,0x0000000e82400000)]
  0x0000018a269c80d0 JavaThread "HikariPool-1 connection adder" daemon [_thread_blocked, id=1576, stack(0x0000000e82400000,0x0000000e82500000)]

Other Threads:
  0x0000018a21a27ec0 VMThread "VM Thread" [stack: 0x0000000eff700000,0x0000000eff800000] [id=19992]
  0x0000018a23062f20 WatcherThread [stack: 0x0000000e80a00000,0x0000000e80b00000] [id=12848]
  0x0000018a055f1bb0 GCTaskThread "GC Thread#0" [stack: 0x0000000eff200000,0x0000000eff300000] [id=22256]
  0x0000018a230d9050 GCTaskThread "GC Thread#1" [stack: 0x0000000e80b00000,0x0000000e80c00000] [id=21428]
  0x0000018a230bd040 GCTaskThread "GC Thread#2" [stack: 0x0000000e80c00000,0x0000000e80d00000] [id=6864]
  0x0000018a230bd2f0 GCTaskThread "GC Thread#3" [stack: 0x0000000e80d00000,0x0000000e80e00000] [id=21192]
  0x0000018a230bd9b0 GCTaskThread "GC Thread#4" [stack: 0x0000000e80e00000,0x0000000e80f00000] [id=19660]
  0x0000018a230c17b0 GCTaskThread "GC Thread#5" [stack: 0x0000000e80f00000,0x0000000e81000000] [id=19576]
  0x0000018a230c1a60 GCTaskThread "GC Thread#6" [stack: 0x0000000e81000000,0x0000000e81100000] [id=18176]
  0x0000018a230c1d10 GCTaskThread "GC Thread#7" [stack: 0x0000000e81100000,0x0000000e81200000] [id=21644]
  0x0000018a230c0fa0 GCTaskThread "GC Thread#8" [stack: 0x0000000e81200000,0x0000000e81300000] [id=5592]
  0x0000018a230c1500 GCTaskThread "GC Thread#9" [stack: 0x0000000e81300000,0x0000000e81400000] [id=3664]
  0x0000018a05602ff0 ConcurrentGCThread "G1 Main Marker" [stack: 0x0000000eff300000,0x0000000eff400000] [id=13004]
  0x0000018a05603910 ConcurrentGCThread "G1 Conc#0" [stack: 0x0000000eff400000,0x0000000eff500000] [id=17056]
  0x0000018a230c1250 ConcurrentGCThread "G1 Conc#1" [stack: 0x0000000e81900000,0x0000000e81a00000] [id=19460]
  0x0000018a230c0790 ConcurrentGCThread "G1 Conc#2" [stack: 0x0000000e81a00000,0x0000000e81b00000] [id=8272]
  0x0000018a0564e430 ConcurrentGCThread "G1 Refine#0" [stack: 0x0000000eff500000,0x0000000eff600000] [id=21588]
  0x0000018a232acbc0 ConcurrentGCThread "G1 Refine#1" [stack: 0x0000000e81400000,0x0000000e81500000] [id=20644]
  0x0000018a218d44f0 ConcurrentGCThread "G1 Service" [stack: 0x0000000eff600000,0x0000000eff700000] [id=21056]

Threads with active compile tasks:

VM state: not at safepoint (normal execution)

VM Mutex/Monitor currently owned by a thread: None

Heap address: 0x0000000603400000, size: 8140 MB, Compressed Oops mode: Zero based, Oop shift amount: 3

CDS archive(s) not mapped
Compressed class space mapped at: 0x0000000800000000-0x0000000840000000, reserved size: 1073741824
Narrow klass base: 0x0000000800000000, Narrow klass shift: 0, Narrow klass range: 0x40000000

GC Precious Log:
 CPUs: 12 total, 12 available
 Memory: 32548M
 Large Page Support: Disabled
 NUMA Support: Disabled
 Compressed Oops: Enabled (Zero based)
 Heap Region Size: 4M
 Heap Min Capacity: 8M
 Heap Initial Capacity: 512M
 Heap Max Capacity: 8140M
 Pre-touch: Disabled
 Parallel Workers: 10
 Concurrent Workers: 3
 Concurrent Refinement Workers: 10
 Periodic GC: Disabled

Heap:
 garbage-first heap   total 110592K, used 44346K [0x0000000603400000, 0x0000000800000000)
  region size 4096K, 7 young (28672K), 1 survivors (4096K)
 Metaspace       used 66372K, committed 66816K, reserved 1114112K
  class space    used 9014K, committed 9216K, reserved 1048576K

Heap Regions: E=young(eden), S=young(survivor), O=old, HS=humongous(starts), HC=humongous(continues), CS=collection set, F=free, OA=open archive, CA=closed archive, TAMS=top-at-mark-start (previous, next)
|   0|0x0000000603400000, 0x0000000603800000, 0x0000000603800000|100%| O|  |TAMS 0x0000000603800000, 0x0000000603400000| Untracked 
|   1|0x0000000603800000, 0x0000000603c00000, 0x0000000603c00000|100%| O|  |TAMS 0x0000000603800000, 0x0000000603800000| Untracked 
|   2|0x0000000603c00000, 0x0000000604000000, 0x0000000604000000|100%| O|  |TAMS 0x0000000604000000, 0x0000000603c00000| Untracked 
|   3|0x0000000604000000, 0x0000000604400000, 0x0000000604400000|100%| O|  |TAMS 0x0000000604400000, 0x0000000604000000| Untracked 
|   4|0x0000000604400000, 0x00000006046d5a00, 0x0000000604800000| 70%| O|  |TAMS 0x0000000604400000, 0x0000000604400000| Untracked 
|   5|0x0000000604800000, 0x0000000604800000, 0x0000000604c00000|  0%| F|  |TAMS 0x0000000604800000, 0x0000000604800000| Untracked 
|   6|0x0000000604c00000, 0x0000000605000000, 0x0000000605000000|100%| O|  |TAMS 0x0000000605000000, 0x0000000604c00000| Untracked 
|   7|0x0000000605000000, 0x0000000605000000, 0x0000000605400000|  0%| F|  |TAMS 0x0000000605000000, 0x0000000605000000| Untracked 
|   8|0x0000000605400000, 0x0000000605400000, 0x0000000605800000|  0%| F|  |TAMS 0x0000000605400000, 0x0000000605400000| Untracked 
|   9|0x0000000605800000, 0x0000000605800000, 0x0000000605c00000|  0%| F|  |TAMS 0x0000000605800000, 0x0000000605800000| Untracked 
|  10|0x0000000605c00000, 0x0000000605c00000, 0x0000000606000000|  0%| F|  |TAMS 0x0000000605c00000, 0x0000000605c00000| Untracked 
|  11|0x0000000606000000, 0x0000000606000000, 0x0000000606400000|  0%| F|  |TAMS 0x0000000606000000, 0x0000000606000000| Untracked 
|  12|0x0000000606400000, 0x0000000606400000, 0x0000000606800000|  0%| F|  |TAMS 0x0000000606400000, 0x0000000606400000| Untracked 
|  13|0x0000000606800000, 0x0000000606800000, 0x0000000606c00000|  0%| F|  |TAMS 0x0000000606800000, 0x0000000606800000| Untracked 
|  14|0x0000000606c00000, 0x0000000606c00000, 0x0000000607000000|  0%| F|  |TAMS 0x0000000606c00000, 0x0000000606c00000| Untracked 
|  15|0x0000000607000000, 0x0000000607000000, 0x0000000607400000|  0%| F|  |TAMS 0x0000000607000000, 0x0000000607000000| Untracked 
|  16|0x0000000607400000, 0x0000000607400000, 0x0000000607800000|  0%| F|  |TAMS 0x0000000607400000, 0x0000000607400000| Untracked 
|  17|0x0000000607800000, 0x0000000607800000, 0x0000000607c00000|  0%| F|  |TAMS 0x0000000607800000, 0x0000000607800000| Untracked 
|  18|0x0000000607c00000, 0x0000000607c00000, 0x0000000608000000|  0%| F|  |TAMS 0x0000000607c00000, 0x0000000607c00000| Untracked 
|  19|0x0000000608000000, 0x0000000608000000, 0x0000000608400000|  0%| F|  |TAMS 0x0000000608000000, 0x0000000608000000| Untracked 
|  20|0x0000000608400000, 0x00000006084cb370, 0x0000000608800000| 19%| E|  |TAMS 0x0000000608400000, 0x0000000608400000| Complete 
|  21|0x0000000608800000, 0x0000000608c00000, 0x0000000608c00000|100%| E|CS|TAMS 0x0000000608800000, 0x0000000608800000| Complete 
|  22|0x0000000608c00000, 0x0000000609000000, 0x0000000609000000|100%| E|CS|TAMS 0x0000000608c00000, 0x0000000608c00000| Complete 
|  23|0x0000000609000000, 0x0000000609400000, 0x0000000609400000|100%| E|CS|TAMS 0x0000000609000000, 0x0000000609000000| Complete 
|  32|0x000000060b400000, 0x000000060b800000, 0x000000060b800000|100%| E|CS|TAMS 0x000000060b400000, 0x000000060b400000| Complete 
|  33|0x000000060b800000, 0x000000060b8791d0, 0x000000060bc00000| 11%| S|CS|TAMS 0x000000060b800000, 0x000000060b800000| Complete 
| 127|0x0000000623000000, 0x0000000623400000, 0x0000000623400000|100%| E|CS|TAMS 0x0000000623000000, 0x0000000623000000| Complete 

Card table byte_map: [0x0000018a0cf50000,0x0000018a0df40000] _byte_map_base: 0x0000018a09f36000

Marking Bits (Prev, Next): (CMBitMap*) 0x0000018a055f2110, (CMBitMap*) 0x0000018a055f20d0
 Prev Bits: [0x0000018a16e60000, 0x0000018a1ed90000)
 Next Bits: [0x0000018a0ef30000, 0x0000018a16e60000)

Polling page: 0x0000018a03520000

Metaspace:

Usage:
  Non-class:     56.01 MB used.
      Class:      8.80 MB used.
       Both:     64.82 MB used.

Virtual space:
  Non-class space:       64.00 MB reserved,      56.25 MB ( 88%) committed,  8 nodes.
      Class space:        1.00 GB reserved,       9.00 MB ( <1%) committed,  1 nodes.
             Both:        1.06 GB reserved,      65.25 MB (  6%) committed. 

Chunk freelists:
   Non-Class:  3.10 MB
       Class:  2.97 MB
        Both:  6.06 MB

MaxMetaspaceSize: unlimited
CompressedClassSpaceSize: 1.00 GB
Initial GC threshold: 21.00 MB
Current GC threshold: 98.88 MB
CDS: off
MetaspaceReclaimPolicy: balanced
 - commit_granule_bytes: 65536.
 - commit_granule_words: 8192.
 - virtual_space_node_default_size: 1048576.
 - enlarge_chunks_in_place: 1.
 - new_chunks_are_fully_committed: 0.
 - uncommit_free_chunks: 1.
 - use_allocation_guard: 0.
 - handle_deallocations: 1.


Internal statistics:

num_allocs_failed_limit: 11.
num_arena_births: 498.
num_arena_deaths: 0.
num_vsnodes_births: 9.
num_vsnodes_deaths: 0.
num_space_committed: 1044.
num_space_uncommitted: 0.
num_chunks_returned_to_freelist: 11.
num_chunks_taken_from_freelist: 2504.
num_chunk_merges: 11.
num_chunk_splits: 1765.
num_chunks_enlarged: 1363.
num_purges: 0.
num_inconsistent_stats: 0.

CodeCache: size=49152Kb used=10439Kb max_used=11538Kb free=38712Kb
 bounds [0x0000018a08c30000, 0x0000018a09780000, 0x0000018a0bc30000]
 total_blobs=5625 nmethods=4991 adapters=560
 compilation: enabled
              stopped_count=0, restarted_count=0
 full_count=0

Compilation events (20 events):
Event: 6.216 Thread 0x0000018a22598fc0 4983       1       java.io.ObjectOutputStream$BlockDataOutputStream::writeUTF (11 bytes)
Event: 6.216 Thread 0x0000018a22673570 nmethod 4981 0x0000018a090cf710 code [0x0000018a090cf8a0, 0x0000018a090cf9e8]
Event: 6.216 Thread 0x0000018a22673570 4984       1       java.io.ObjectStreamClass$FieldReflector::getObjFieldValues (96 bytes)
Event: 6.216 Thread 0x0000018a22598fc0 nmethod 4983 0x0000018a090cf390 code [0x0000018a090cf540, 0x0000018a090cf658]
Event: 6.216 Thread 0x0000018a224809e0 nmethod 4982 0x0000018a090cef90 code [0x0000018a090cf140, 0x0000018a090cf278]
Event: 6.217 Thread 0x0000018a224809e0 4985       1       java.io.ObjectOutputStream$BlockDataOutputStream::write (152 bytes)
Event: 6.217 Thread 0x0000018a22598fc0 4986       1       java.io.ObjectStreamClass$FieldReflector::getPrimFieldValues (317 bytes)
Event: 6.217 Thread 0x0000018a22673570 nmethod 4984 0x0000018a090ce690 code [0x0000018a090ce880, 0x0000018a090ced18]
Event: 6.217 Thread 0x0000018a22673570 4987       1       sun.nio.ch.IOStatus::okayToRetry (22 bytes)
Event: 6.218 Thread 0x0000018a22673570 nmethod 4987 0x0000018a090cdc10 code [0x0000018a090cdda0, 0x0000018a090cde78]
Event: 6.218 Thread 0x0000018a224809e0 nmethod 4985 0x0000018a090cdf10 code [0x0000018a090ce100, 0x0000018a090ce4b8]
Event: 6.219 Thread 0x0000018a22598fc0 nmethod 4986 0x0000018a090ccd90 code [0x0000018a090ccfa0, 0x0000018a090cd698]
Event: 7.224 Thread 0x0000018a22598fc0 4988       1       java.io.ObjectInputStream$PeekInputStream::readFully (48 bytes)
Event: 7.225 Thread 0x0000018a224809e0 4989       1       java.io.ObjectInputStream$BlockDataInputStream::getBlockDataMode (5 bytes)
Event: 7.225 Thread 0x0000018a224809e0 nmethod 4989 0x0000018a090cca90 code [0x0000018a090ccc20, 0x0000018a090cccf8]
Event: 7.225 Thread 0x0000018a22598fc0 nmethod 4988 0x0000018a090cc590 code [0x0000018a090cc740, 0x0000018a090cc938]
Event: 7.728 Thread 0x0000018a22598fc0 4990       1       sun.rmi.runtime.Log$LoggerLog::isLoggable (9 bytes)
Event: 7.728 Thread 0x0000018a22598fc0 nmethod 4990 0x0000018a090cc190 code [0x0000018a090cc320, 0x0000018a090cc438]
Event: 7.728 Thread 0x0000018a22598fc0 4991       1       java.io.ObjectInputStream$PeekInputStream::peek (49 bytes)
Event: 7.728 Thread 0x0000018a22598fc0 nmethod 4991 0x0000018a090cbe10 code [0x0000018a090cbfc0, 0x0000018a090cc128]

GC Heap History (20 events):
Event: 1.089 GC heap before
{Heap before GC invocations=4 (full 0):
 garbage-first heap   total 57344K, used 38190K [0x0000000603400000, 0x0000000800000000)
  region size 4096K, 9 young (36864K), 1 survivors (4096K)
 Metaspace       used 23997K, committed 24320K, reserved 1073152K
  class space    used 2797K, committed 2944K, reserved 1048576K
}
Event: 1.091 GC heap after
{Heap after GC invocations=5 (full 0):
 garbage-first heap   total 57344K, used 9854K [0x0000000603400000, 0x0000000800000000)
  region size 4096K, 1 young (4096K), 1 survivors (4096K)
 Metaspace       used 23997K, committed 24320K, reserved 1073152K
  class space    used 2797K, committed 2944K, reserved 1048576K
}
Event: 1.101 GC heap before
{Heap before GC invocations=5 (full 0):
 garbage-first heap   total 57344K, used 13950K [0x0000000603400000, 0x0000000800000000)
  region size 4096K, 2 young (8192K), 1 survivors (4096K)
 Metaspace       used 24298K, committed 24640K, reserved 1073152K
  class space    used 2843K, committed 3008K, reserved 1048576K
}
Event: 1.103 GC heap after
{Heap after GC invocations=6 (full 0):
 garbage-first heap   total 57344K, used 9875K [0x0000000603400000, 0x0000000800000000)
  region size 4096K, 1 young (4096K), 1 survivors (4096K)
 Metaspace       used 24298K, committed 24640K, reserved 1073152K
  class space    used 2843K, committed 3008K, reserved 1048576K
}
Event: 1.176 GC heap before
{Heap before GC invocations=6 (full 0):
 garbage-first heap   total 57344K, used 34451K [0x0000000603400000, 0x0000000800000000)
  region size 4096K, 7 young (28672K), 1 survivors (4096K)
 Metaspace       used 26381K, committed 26688K, reserved 1073152K
  class space    used 3194K, committed 3328K, reserved 1048576K
}
Event: 1.179 GC heap after
{Heap after GC invocations=7 (full 0):
 garbage-first heap   total 290816K, used 10653K [0x0000000603400000, 0x0000000800000000)
  region size 4096K, 1 young (4096K), 1 survivors (4096K)
 Metaspace       used 26381K, committed 26688K, reserved 1073152K
  class space    used 3194K, committed 3328K, reserved 1048576K
}
Event: 1.804 GC heap before
{Heap before GC invocations=7 (full 0):
 garbage-first heap   total 290816K, used 145821K [0x0000000603400000, 0x0000000800000000)
  region size 4096K, 35 young (143360K), 1 survivors (4096K)
 Metaspace       used 35922K, committed 36288K, reserved 1081344K
  class space    used 4467K, committed 4672K, reserved 1048576K
}
Event: 1.808 GC heap after
{Heap after GC invocations=8 (full 0):
 garbage-first heap   total 290816K, used 13947K [0x0000000603400000, 0x0000000800000000)
  region size 4096K, 2 young (8192K), 2 survivors (8192K)
 Metaspace       used 35922K, committed 36288K, reserved 1081344K
  class space    used 4467K, committed 4672K, reserved 1048576K
}
Event: 2.129 GC heap before
{Heap before GC invocations=9 (full 0):
 garbage-first heap   total 81920K, used 63099K [0x0000000603400000, 0x0000000800000000)
  region size 4096K, 14 young (57344K), 2 survivors (8192K)
 Metaspace       used 39808K, committed 40256K, reserved 1089536K
  class space    used 5010K, committed 5248K, reserved 1048576K
}
Event: 2.132 GC heap after
{Heap after GC invocations=10 (full 0):
 garbage-first heap   total 81920K, used 16944K [0x0000000603400000, 0x0000000800000000)
  region size 4096K, 2 young (8192K), 2 survivors (8192K)
 Metaspace       used 39808K, committed 40256K, reserved 1089536K
  class space    used 5010K, committed 5248K, reserved 1048576K
}
Event: 2.165 GC heap before
{Heap before GC invocations=10 (full 0):
 garbage-first heap   total 81920K, used 21040K [0x0000000603400000, 0x0000000800000000)
  region size 4096K, 3 young (12288K), 2 survivors (8192K)
 Metaspace       used 40055K, committed 40448K, reserved 1089536K
  class space    used 5047K, committed 5248K, reserved 1048576K
}
Event: 2.168 GC heap after
{Heap after GC invocations=11 (full 0):
 garbage-first heap   total 81920K, used 17578K [0x0000000603400000, 0x0000000800000000)
  region size 4096K, 1 young (4096K), 1 survivors (4096K)
 Metaspace       used 40055K, committed 40448K, reserved 1089536K
  class space    used 5047K, committed 5248K, reserved 1048576K
}
Event: 2.372 GC heap before
{Heap before GC invocations=11 (full 0):
 garbage-first heap   total 81920K, used 54442K [0x0000000603400000, 0x0000000800000000)
  region size 4096K, 10 young (40960K), 1 survivors (4096K)
 Metaspace       used 43172K, committed 43584K, reserved 1089536K
  class space    used 5471K, committed 5696K, reserved 1048576K
}
Event: 2.374 GC heap after
{Heap after GC invocations=12 (full 0):
 garbage-first heap   total 303104K, used 17642K [0x0000000603400000, 0x0000000800000000)
  region size 4096K, 1 young (4096K), 1 survivors (4096K)
 Metaspace       used 43172K, committed 43584K, reserved 1089536K
  class space    used 5471K, committed 5696K, reserved 1048576K
}
Event: 3.350 GC heap before
{Heap before GC invocations=12 (full 0):
 garbage-first heap   total 303104K, used 177386K [0x0000000603400000, 0x0000000800000000)
  region size 4096K, 41 young (167936K), 1 survivors (4096K)
 Metaspace       used 60246K, committed 60608K, reserved 1105920K
  class space    used 7989K, committed 8192K, reserved 1048576K
}
Event: 3.353 GC heap after
{Heap after GC invocations=13 (full 0):
 garbage-first heap   total 303104K, used 21626K [0x0000000603400000, 0x0000000800000000)
  region size 4096K, 2 young (8192K), 2 survivors (8192K)
 Metaspace       used 60246K, committed 60608K, reserved 1105920K
  class space    used 7989K, committed 8192K, reserved 1048576K
}
Event: 3.690 GC heap before
{Heap before GC invocations=14 (full 0):
 garbage-first heap   total 110592K, used 78970K [0x0000000603400000, 0x0000000800000000)
  region size 4096K, 16 young (65536K), 2 survivors (8192K)
 Metaspace       used 64566K, committed 64960K, reserved 1105920K
  class space    used 8633K, committed 8832K, reserved 1048576K
}
Event: 3.693 GC heap after
{Heap after GC invocations=15 (full 0):
 garbage-first heap   total 110592K, used 24060K [0x0000000603400000, 0x0000000800000000)
  region size 4096K, 1 young (4096K), 1 survivors (4096K)
 Metaspace       used 64566K, committed 64960K, reserved 1105920K
  class space    used 8633K, committed 8832K, reserved 1048576K
}
Event: 3.716 GC heap before
{Heap before GC invocations=15 (full 0):
 garbage-first heap   total 110592K, used 28156K [0x0000000603400000, 0x0000000800000000)
  region size 4096K, 2 young (8192K), 1 survivors (4096K)
 Metaspace       used 64867K, committed 65280K, reserved 1105920K
  class space    used 8701K, committed 8896K, reserved 1048576K
}
Event: 3.718 GC heap after
{Heap after GC invocations=16 (full 0):
 garbage-first heap   total 110592K, used 23866K [0x0000000603400000, 0x0000000800000000)
  region size 4096K, 1 young (4096K), 1 survivors (4096K)
 Metaspace       used 64867K, committed 65280K, reserved 1105920K
  class space    used 8701K, committed 8896K, reserved 1048576K
}

Deoptimization events (20 events):
Event: 6.215 Thread 0x0000018a240c8320 DEOPT PACKING pc=0x0000018a0936ee8c sp=0x0000000e81dfeea0
Event: 6.215 Thread 0x0000018a240c8320 DEOPT UNPACKING pc=0x0000018a08c82b43 sp=0x0000000e81dfe390 mode 1
Event: 6.720 Thread 0x0000018a240c8320 DEOPT PACKING pc=0x0000018a09394a34 sp=0x0000000e81dfed70
Event: 6.721 Thread 0x0000018a240c8320 DEOPT UNPACKING pc=0x0000018a08c82b43 sp=0x0000000e81dfe298 mode 1
Event: 6.721 Thread 0x0000018a240c8320 DEOPT PACKING pc=0x0000018a09365f84 sp=0x0000000e81dfee50
Event: 6.721 Thread 0x0000018a240c8320 DEOPT UNPACKING pc=0x0000018a08c82b43 sp=0x0000000e81dfe2f0 mode 1
Event: 6.721 Thread 0x0000018a240c8320 DEOPT PACKING pc=0x0000018a0936ee8c sp=0x0000000e81dfeea0
Event: 6.721 Thread 0x0000018a240c8320 DEOPT UNPACKING pc=0x0000018a08c82b43 sp=0x0000000e81dfe390 mode 1
Event: 7.225 Thread 0x0000018a240c8320 DEOPT PACKING pc=0x0000018a09394a34 sp=0x0000000e81dfed70
Event: 7.225 Thread 0x0000018a240c8320 DEOPT UNPACKING pc=0x0000018a08c82b43 sp=0x0000000e81dfe298 mode 1
Event: 7.225 Thread 0x0000018a240c8320 DEOPT PACKING pc=0x0000018a09365f84 sp=0x0000000e81dfee50
Event: 7.225 Thread 0x0000018a240c8320 DEOPT UNPACKING pc=0x0000018a08c82b43 sp=0x0000000e81dfe2f0 mode 1
Event: 7.225 Thread 0x0000018a240c8320 DEOPT PACKING pc=0x0000018a0936ee8c sp=0x0000000e81dfeea0
Event: 7.225 Thread 0x0000018a240c8320 DEOPT UNPACKING pc=0x0000018a08c82b43 sp=0x0000000e81dfe390 mode 1
Event: 7.728 Thread 0x0000018a240c8320 DEOPT PACKING pc=0x0000018a09394a34 sp=0x0000000e81dfed70
Event: 7.728 Thread 0x0000018a240c8320 DEOPT UNPACKING pc=0x0000018a08c82b43 sp=0x0000000e81dfe298 mode 1
Event: 7.728 Thread 0x0000018a240c8320 DEOPT PACKING pc=0x0000018a09365f84 sp=0x0000000e81dfee50
Event: 7.728 Thread 0x0000018a240c8320 DEOPT UNPACKING pc=0x0000018a08c82b43 sp=0x0000000e81dfe2f0 mode 1
Event: 7.728 Thread 0x0000018a240c8320 DEOPT PACKING pc=0x0000018a0936ee8c sp=0x0000000e81dfeea0
Event: 7.728 Thread 0x0000018a240c8320 DEOPT UNPACKING pc=0x0000018a08c82b43 sp=0x0000000e81dfe390 mode 1

Classes unloaded (0 events):
No events

Classes redefined (2 events):
Event: 8.052 Thread 0x0000018a21a27ec0 redefined class name=br.com.vr.build.CartaoMapper$1, count=1
Event: 8.052 Thread 0x0000018a21a27ec0 redefined class name=br.com.vr.build.CartaoMapper, count=1

Internal exceptions (20 events):
Event: 3.426 Thread 0x0000018a240c2920 Exception <a 'java/lang/ClassNotFoundException'{0x0000000608d1cfc0}: org/springframework/beans/factory/AwareCustomizer> (0x0000000608d1cfc0) 
thrown [e:\jenkins\tmp\workspace\build\src\src\hotspot\share\classfile\systemDictionary.cpp, line 256]
Event: 3.429 Thread 0x0000018a240c2920 Exception <a 'java/lang/ClassNotFoundException'{0x0000000608d68510}: java/lang/ObjectCustomizer> (0x0000000608d68510) 
thrown [e:\jenkins\tmp\workspace\build\src\src\hotspot\share\classfile\systemDictionary.cpp, line 256]
Event: 3.430 Thread 0x0000018a240c2920 Exception <a 'java/lang/ClassNotFoundException'{0x0000000608d72600}: org/springframework/core/io/support/PropertiesLoaderSupportCustomizer> (0x0000000608d72600) 
thrown [e:\jenkins\tmp\workspace\build\src\src\hotspot\share\classfile\systemDictionary.cpp, line 256]
Event: 3.430 Thread 0x0000018a240c2920 Exception <a 'java/lang/ClassNotFoundException'{0x0000000608d82230}: org/springframework/beans/factory/config/PropertiesFactoryBeanCustomizer> (0x0000000608d82230) 
thrown [e:\jenkins\tmp\workspace\build\src\src\hotspot\share\classfile\systemDictionary.cpp, line 256]
Event: 3.431 Thread 0x0000018a240c2920 Exception <a 'java/lang/ClassNotFoundException'{0x0000000608d993b0}: org/springframework/beans/factory/FactoryBeanCustomizer> (0x0000000608d993b0) 
thrown [e:\jenkins\tmp\workspace\build\src\src\hotspot\share\classfile\systemDictionary.cpp, line 256]
Event: 3.432 Thread 0x0000018a240c2920 Exception <a 'java/lang/ClassNotFoundException'{0x0000000608da27b0}: org/springframework/beans/factory/InitializingBeanCustomizer> (0x0000000608da27b0) 
thrown [e:\jenkins\tmp\workspace\build\src\src\hotspot\share\classfile\systemDictionary.cpp, line 256]
Event: 3.483 Thread 0x0000018a240c2920 Exception <a 'java/lang/IncompatibleClassChangeError'{0x0000000608594520}: Found class java.lang.Object, but interface was expected> (0x0000000608594520) 
thrown [e:\jenkins\tmp\workspace\build\src\src\hotspot\share\interpreter\linkResolver.cpp, line 833]
Event: 3.540 Thread 0x0000018a240c2920 Exception <a 'java/lang/ClassNotFoundException'{0x0000000607fca568}: java/lang/ObjectCustomizer> (0x0000000607fca568) 
thrown [e:\jenkins\tmp\workspace\build\src\src\hotspot\share\classfile\systemDictionary.cpp, line 256]
Event: 3.540 Thread 0x0000018a240c2920 Exception <a 'java/lang/ClassNotFoundException'{0x0000000607fd50a0}: br/com/vr/entitys/CartaoCustomizer> (0x0000000607fd50a0) 
thrown [e:\jenkins\tmp\workspace\build\src\src\hotspot\share\classfile\systemDictionary.cpp, line 256]
Event: 3.552 Thread 0x0000018a240c2920 Exception <a 'java/lang/NoSuchMethodError'{0x00000006079845a0}: 'int java.lang.invoke.DirectMethodHandle$Holder.invokeVirtual(java.lang.Object, java.lang.Object, java.lang.Object)'> (0x00000006079845a0) 
thrown [e:\jenkins\tmp\workspace\build\src\src\hotspot\share\interpreter\linkResolver.cpp, line 766]
Event: 3.572 Thread 0x0000018a240c2920 Exception <a 'java/lang/IncompatibleClassChangeError'{0x000000060748ea40}: Found class java.lang.Object, but interface was expected> (0x000000060748ea40) 
thrown [e:\jenkins\tmp\workspace\build\src\src\hotspot\share\interpreter\linkResolver.cpp, line 833]
Event: 3.667 Thread 0x0000018a240c8320 Exception <a 'java/lang/reflect/InvocationTargetException'{0x0000000606001bc0}> (0x0000000606001bc0) 
thrown [e:\jenkins\tmp\workspace\build\src\src\hotspot\share\runtime\reflection.cpp, line 1121]
Event: 4.169 Thread 0x0000018a240c8320 Exception <a 'java/lang/reflect/InvocationTargetException'{0x0000000608b68928}> (0x0000000608b68928) 
thrown [e:\jenkins\tmp\workspace\build\src\src\hotspot\share\runtime\reflection.cpp, line 1121]
Event: 4.672 Thread 0x0000018a240c8320 Exception <a 'java/lang/reflect/InvocationTargetException'{0x0000000608b6cc10}> (0x0000000608b6cc10) 
thrown [e:\jenkins\tmp\workspace\build\src\src\hotspot\share\runtime\reflection.cpp, line 1121]
Event: 5.177 Thread 0x0000018a240c8320 Exception <a 'java/lang/reflect/InvocationTargetException'{0x0000000608b77d70}> (0x0000000608b77d70) 
thrown [e:\jenkins\tmp\workspace\build\src\src\hotspot\share\runtime\reflection.cpp, line 1121]
Event: 5.681 Thread 0x0000018a240c8320 Exception <a 'java/lang/reflect/InvocationTargetException'{0x0000000608b7be10}> (0x0000000608b7be10) 
thrown [e:\jenkins\tmp\workspace\build\src\src\hotspot\share\runtime\reflection.cpp, line 1121]
Event: 6.215 Thread 0x0000018a240c8320 Exception <a 'java/lang/reflect/InvocationTargetException'{0x0000000608403d48}> (0x0000000608403d48) 
thrown [e:\jenkins\tmp\workspace\build\src\src\hotspot\share\runtime\reflection.cpp, line 1121]
Event: 6.720 Thread 0x0000018a240c8320 Exception <a 'java/lang/reflect/InvocationTargetException'{0x0000000608409f68}> (0x0000000608409f68) 
thrown [e:\jenkins\tmp\workspace\build\src\src\hotspot\share\runtime\reflection.cpp, line 1121]
Event: 7.225 Thread 0x0000018a240c8320 Exception <a 'java/lang/reflect/InvocationTargetException'{0x000000060840e008}> (0x000000060840e008) 
thrown [e:\jenkins\tmp\workspace\build\src\src\hotspot\share\runtime\reflection.cpp, line 1121]
Event: 7.728 Thread 0x0000018a240c8320 Exception <a 'java/lang/reflect/InvocationTargetException'{0x000000060842ba90}> (0x000000060842ba90) 
thrown [e:\jenkins\tmp\workspace\build\src\src\hotspot\share\runtime\reflection.cpp, line 1121]

VM Operations (20 events):
Event: 8.071 Executing VM operation: GetObjectMonitorUsage
Event: 8.071 Executing VM operation: GetObjectMonitorUsage done
Event: 8.072 Executing VM operation: GetObjectMonitorUsage
Event: 8.072 Executing VM operation: GetObjectMonitorUsage done
Event: 8.072 Executing VM operation: GetObjectMonitorUsage
Event: 8.072 Executing VM operation: GetObjectMonitorUsage done
Event: 8.072 Executing VM operation: GetObjectMonitorUsage
Event: 8.072 Executing VM operation: GetObjectMonitorUsage done
Event: 8.072 Executing VM operation: GetObjectMonitorUsage
Event: 8.072 Executing VM operation: GetObjectMonitorUsage done
Event: 8.072 Executing VM operation: GetObjectMonitorUsage
Event: 8.072 Executing VM operation: GetObjectMonitorUsage done
Event: 8.072 Executing VM operation: GetObjectMonitorUsage
Event: 8.073 Executing VM operation: GetObjectMonitorUsage done
Event: 8.073 Executing VM operation: GetObjectMonitorUsage
Event: 8.073 Executing VM operation: GetObjectMonitorUsage done
Event: 8.073 Executing VM operation: GetObjectMonitorUsage
Event: 8.073 Executing VM operation: GetObjectMonitorUsage done
Event: 8.073 Executing VM operation: GetObjectMonitorUsage
Event: 8.073 Executing VM operation: GetObjectMonitorUsage done

Events (20 events):
Event: 3.540 loading class java/lang/ObjectCustomizer
Event: 3.540 loading class java/lang/ObjectCustomizer done
Event: 3.575 loading class java/lang/Package$1PackageInfoProxy
Event: 3.575 loading class java/lang/Package$1PackageInfoProxy done
Event: 3.611 loading class sun/reflect/ReflectionFactory
Event: 3.611 loading class sun/reflect/ReflectionFactory done
Event: 3.611 loading class sun/reflect/ReflectionFactory$1
Event: 3.611 loading class sun/reflect/ReflectionFactory$1 done
Event: 3.611 loading class java/io/OptionalDataException
Event: 3.611 loading class java/io/OptionalDataException done
Event: 3.683 loading class jdk/internal/vm/annotation/ForceInline
Event: 3.683 loading class jdk/internal/vm/annotation/ForceInline done
Event: 4.775 loading class sun/nio/cs/ISO_8859_1$Encoder
Event: 4.775 loading class sun/nio/cs/ISO_8859_1$Encoder done
Event: 4.775 loading class sun/nio/cs/Surrogate$Parser
Event: 4.775 loading class sun/nio/cs/Surrogate$Parser done
Event: 4.775 loading class sun/nio/cs/Surrogate
Event: 4.776 loading class sun/nio/cs/Surrogate done
Event: 5.681 Thread 0x0000018a2333d5b0 Thread exited: 0x0000018a2333d5b0
Event: 7.224 Thread 0x0000018a22673570 Thread exited: 0x0000018a22673570


Dynamic libraries:
0x00007ff73c460000 - 0x00007ff73c46e000 	C:\desenvolvimento\sts-4.14.1.RELEASE\plugins\org.eclipse.justj.openjdk.hotspot.jre.full.win32.x86_64_17.0.2.v20220201-1208\jre\bin\javaw.exe
0x00007ffac14f0000 - 0x00007ffac16e8000 	C:\Windows\SYSTEM32\ntdll.dll
0x00007ffabf540000 - 0x00007ffabf5ff000 	C:\Windows\System32\KERNEL32.DLL
0x00007ffabf010000 - 0x00007ffabf2e2000 	C:\Windows\System32\KERNELBASE.dll
0x00007ffabecb0000 - 0x00007ffabedb0000 	C:\Windows\System32\ucrtbase.dll
0x00007ffaabce0000 - 0x00007ffaabcf8000 	C:\desenvolvimento\sts-4.14.1.RELEASE\plugins\org.eclipse.justj.openjdk.hotspot.jre.full.win32.x86_64_17.0.2.v20220201-1208\jre\bin\jli.dll
0x00007ffaac490000 - 0x00007ffaac4a9000 	C:\desenvolvimento\sts-4.14.1.RELEASE\plugins\org.eclipse.justj.openjdk.hotspot.jre.full.win32.x86_64_17.0.2.v20220201-1208\jre\bin\VCRUNTIME140.dll
0x00007ffac1040000 - 0x00007ffac11dd000 	C:\Windows\System32\USER32.dll
0x00007ffabf2f0000 - 0x00007ffabf312000 	C:\Windows\System32\win32u.dll
0x00007ffac0cb0000 - 0x00007ffac0cdb000 	C:\Windows\System32\GDI32.dll
0x00007ffab2230000 - 0x00007ffab24ca000 	C:\Windows\WinSxS\amd64_microsoft.windows.common-controls_6595b64144ccf1df_6.0.19041.1110_none_60b5254171f9507e\COMCTL32.dll
0x00007ffabf3c0000 - 0x00007ffabf4cf000 	C:\Windows\System32\gdi32full.dll
0x00007ffac0840000 - 0x00007ffac08de000 	C:\Windows\System32\msvcrt.dll
0x00007ffabf320000 - 0x00007ffabf3bd000 	C:\Windows\System32\msvcp_win.dll
0x00007ffac13e0000 - 0x00007ffac1412000 	C:\Windows\System32\IMM32.DLL
0x00007ffaabc40000 - 0x00007ffaabc4c000 	C:\desenvolvimento\sts-4.14.1.RELEASE\plugins\org.eclipse.justj.openjdk.hotspot.jre.full.win32.x86_64_17.0.2.v20220201-1208\jre\bin\vcruntime140_1.dll
0x00007ffa7f4e0000 - 0x00007ffa7f571000 	C:\desenvolvimento\sts-4.14.1.RELEASE\plugins\org.eclipse.justj.openjdk.hotspot.jre.full.win32.x86_64_17.0.2.v20220201-1208\jre\bin\msvcp140.dll
0x00007ffa25ee0000 - 0x00007ffa26b27000 	C:\desenvolvimento\sts-4.14.1.RELEASE\plugins\org.eclipse.justj.openjdk.hotspot.jre.full.win32.x86_64_17.0.2.v20220201-1208\jre\bin\server\jvm.dll
0x00007ffac0f00000 - 0x00007ffac0fae000 	C:\Windows\System32\ADVAPI32.dll
0x00007ffabf670000 - 0x00007ffabf70c000 	C:\Windows\System32\sechost.dll
0x00007ffac1200000 - 0x00007ffac1325000 	C:\Windows\System32\RPCRT4.dll
0x00007ffabf660000 - 0x00007ffabf668000 	C:\Windows\System32\PSAPI.DLL
0x00007ffaa8af0000 - 0x00007ffaa8b17000 	C:\Windows\SYSTEM32\WINMM.dll
0x00007ffaab770000 - 0x00007ffaab779000 	C:\Windows\SYSTEM32\WSOCK32.dll
0x00007ffab96a0000 - 0x00007ffab96aa000 	C:\Windows\SYSTEM32\VERSION.dll
0x00007ffac08e0000 - 0x00007ffac094b000 	C:\Windows\System32\WS2_32.dll
0x00007ffabca90000 - 0x00007ffabcaa2000 	C:\Windows\SYSTEM32\kernel.appcore.dll
0x00007ffaba700000 - 0x00007ffaba70a000 	C:\desenvolvimento\sts-4.14.1.RELEASE\plugins\org.eclipse.justj.openjdk.hotspot.jre.full.win32.x86_64_17.0.2.v20220201-1208\jre\bin\jimage.dll
0x00007ffaacf70000 - 0x00007ffaad154000 	C:\Windows\SYSTEM32\DBGHELP.DLL
0x00007ffaabdb0000 - 0x00007ffaabddc000 	C:\Windows\SYSTEM32\dbgcore.DLL
0x00007ffabebf0000 - 0x00007ffabec72000 	C:\Windows\System32\bcryptPrimitives.dll
0x00007ffaabd30000 - 0x00007ffaabd6b000 	C:\desenvolvimento\sts-4.14.1.RELEASE\plugins\org.eclipse.justj.openjdk.hotspot.jre.full.win32.x86_64_17.0.2.v20220201-1208\jre\bin\jdwp.dll
0x00007ffab3910000 - 0x00007ffab391e000 	C:\desenvolvimento\sts-4.14.1.RELEASE\plugins\org.eclipse.justj.openjdk.hotspot.jre.full.win32.x86_64_17.0.2.v20220201-1208\jre\bin\instrument.dll
0x00007ffa8c2a0000 - 0x00007ffa8c2c5000 	C:\desenvolvimento\sts-4.14.1.RELEASE\plugins\org.eclipse.justj.openjdk.hotspot.jre.full.win32.x86_64_17.0.2.v20220201-1208\jre\bin\java.dll
0x00007ffaabb70000 - 0x00007ffaabb88000 	C:\desenvolvimento\sts-4.14.1.RELEASE\plugins\org.eclipse.justj.openjdk.hotspot.jre.full.win32.x86_64_17.0.2.v20220201-1208\jre\bin\zip.dll
0x00007ffabfeb0000 - 0x00007ffac05f3000 	C:\Windows\System32\SHELL32.dll
0x00007ffabcc90000 - 0x00007ffabd422000 	C:\Windows\SYSTEM32\windows.storage.dll
0x00007ffac0950000 - 0x00007ffac0ca4000 	C:\Windows\System32\combase.dll
0x00007ffabe490000 - 0x00007ffabe4c0000 	C:\Windows\SYSTEM32\Wldp.dll
0x00007ffac1330000 - 0x00007ffac13dd000 	C:\Windows\System32\SHCORE.dll
0x00007ffac0730000 - 0x00007ffac0785000 	C:\Windows\System32\shlwapi.dll
0x00007ffabeb30000 - 0x00007ffabeb4f000 	C:\Windows\SYSTEM32\profapi.dll
0x00007ffaabd20000 - 0x00007ffaabd2c000 	C:\desenvolvimento\sts-4.14.1.RELEASE\plugins\org.eclipse.justj.openjdk.hotspot.jre.full.win32.x86_64_17.0.2.v20220201-1208\jre\bin\dt_socket.dll
0x00007ffabdf80000 - 0x00007ffabdfbb000 	C:\Windows\SYSTEM32\IPHLPAPI.DLL
0x00007ffabe270000 - 0x00007ffabe2da000 	C:\Windows\system32\mswsock.dll
0x00007ffabdfc0000 - 0x00007ffabe08a000 	C:\Windows\SYSTEM32\DNSAPI.dll
0x00007ffac0ef0000 - 0x00007ffac0ef8000 	C:\Windows\System32\NSI.dll
0x00007ffab24f0000 - 0x00007ffab24fa000 	C:\Windows\System32\rasadhlp.dll
0x00007ffab81a0000 - 0x00007ffab8220000 	C:\Windows\System32\fwpuclnt.dll
0x00007ffabec80000 - 0x00007ffabeca7000 	C:\Windows\System32\bcrypt.dll
0x00007ffa86070000 - 0x00007ffa86089000 	C:\desenvolvimento\sts-4.14.1.RELEASE\plugins\org.eclipse.justj.openjdk.hotspot.jre.full.win32.x86_64_17.0.2.v20220201-1208\jre\bin\net.dll
0x00007ffab86a0000 - 0x00007ffab87ac000 	C:\Windows\SYSTEM32\WINHTTP.dll
0x00007ffa7fc60000 - 0x00007ffa7fc75000 	C:\desenvolvimento\sts-4.14.1.RELEASE\plugins\org.eclipse.justj.openjdk.hotspot.jre.full.win32.x86_64_17.0.2.v20220201-1208\jre\bin\nio.dll
0x00007ffaa89d0000 - 0x00007ffaa89d9000 	C:\desenvolvimento\sts-4.14.1.RELEASE\plugins\org.eclipse.justj.openjdk.hotspot.jre.full.win32.x86_64_17.0.2.v20220201-1208\jre\bin\management.dll
0x00007ffa9e600000 - 0x00007ffa9e60b000 	C:\desenvolvimento\sts-4.14.1.RELEASE\plugins\org.eclipse.justj.openjdk.hotspot.jre.full.win32.x86_64_17.0.2.v20220201-1208\jre\bin\management_ext.dll
0x00007ffa9f200000 - 0x00007ffa9f217000 	C:\Windows\system32\napinsp.dll
0x00007ffa9f1e0000 - 0x00007ffa9f1fb000 	C:\Windows\system32\pnrpnsp.dll
0x00007ffa9ee40000 - 0x00007ffa9ee55000 	C:\Windows\system32\wshbth.dll
0x00007ffaba5a0000 - 0x00007ffaba5bd000 	C:\Windows\system32\NLAapi.dll
0x00007ffa9ee20000 - 0x00007ffa9ee32000 	C:\Windows\System32\winrnr.dll
0x00007ffabe4d0000 - 0x00007ffabe4e8000 	C:\Windows\SYSTEM32\CRYPTSP.dll
0x00007ffabdbb0000 - 0x00007ffabdbe4000 	C:\Windows\system32\rsaenh.dll
0x00007ffabeaf0000 - 0x00007ffabeb1e000 	C:\Windows\SYSTEM32\USERENV.dll
0x00007ffabe400000 - 0x00007ffabe40c000 	C:\Windows\SYSTEM32\CRYPTBASE.dll
0x00007ffab8e30000 - 0x00007ffab8e47000 	C:\Windows\SYSTEM32\dhcpcsvc6.DLL
0x00007ffab8e10000 - 0x00007ffab8e2d000 	C:\Windows\SYSTEM32\dhcpcsvc.DLL
0x00007ffab3900000 - 0x00007ffab3910000 	C:\desenvolvimento\sts-4.14.1.RELEASE\plugins\org.eclipse.justj.openjdk.hotspot.jre.full.win32.x86_64_17.0.2.v20220201-1208\jre\bin\verify.dll
0x00007ffaabc10000 - 0x00007ffaabc1e000 	C:\desenvolvimento\sts-4.14.1.RELEASE\plugins\org.eclipse.justj.openjdk.hotspot.jre.full.win32.x86_64_17.0.2.v20220201-1208\jre\bin\sunmscapi.dll
0x00007ffabee00000 - 0x00007ffabef56000 	C:\Windows\System32\CRYPT32.dll
0x00007ffabe5c0000 - 0x00007ffabe5e7000 	C:\Windows\SYSTEM32\ncrypt.dll
0x00007ffabe580000 - 0x00007ffabe5bb000 	C:\Windows\SYSTEM32\NTASN1.dll

dbghelp: loaded successfully - version: 4.0.5 - missing functions: none
symbol engine: initialized successfully - sym options: 0x614 - pdb path: .;C:\desenvolvimento\sts-4.14.1.RELEASE\plugins\org.eclipse.justj.openjdk.hotspot.jre.full.win32.x86_64_17.0.2.v20220201-1208\jre\bin;C:\Windows\SYSTEM32;C:\Windows\WinSxS\amd64_microsoft.windows.common-controls_6595b64144ccf1df_6.0.19041.1110_none_60b5254171f9507e;C:\desenvolvimento\sts-4.14.1.RELEASE\plugins\org.eclipse.justj.openjdk.hotspot.jre.full.win32.x86_64_17.0.2.v20220201-1208\jre\bin\server

VM Arguments:
jvm_args: -XX:+ShowCodeDetailsInExceptionMessages -agentlib:jdwp=transport=dt_socket,suspend=y,address=localhost:51127 -Dcom.sun.management.jmxremote -Dcom.sun.management.jmxremote.port=51125 -Dcom.sun.management.jmxremote.authenticate=false -Dcom.sun.management.jmxremote.ssl=false -Djava.rmi.server.hostname=localhost -Dspring.jmx.enabled=true -Dspring.application.admin.enabled=true -XX:TieredStopAtLevel=1 -Dspring.boot.project.name=mini-autorizador -javaagent:C:\desenvolvimento\sts-4.14.1.RELEASE\configuration\org.eclipse.osgi\265\0\.cp\lib\javaagent-shaded.jar -Dfile.encoding=UTF-8 
java_command: br.com.vr.MiniAutorizadorApplication --spring.output.ansi.enabled=always
java_class_path (initial): C:\CURSOS_AWS\Microservices do 0 com Spring Cloud, Spring Boot e Docker\workspace\mini-autorizador\target\classes;C:\Users\Usuario\.m2\repository\org\springframework\boot\spring-boot-starter-data-jpa\2.7.5\spring-boot-starter-data-jpa-2.7.5.jar;C:\Users\Usuario\.m2\repository\org\springframework\boot\spring-boot-starter-aop\2.7.5\spring-boot-starter-aop-2.7.5.jar;C:\Users\Usuario\.m2\repository\org\springframework\spring-aop\5.3.23\spring-aop-5.3.23.jar;C:\Users\Usuario\.m2\repository\org\aspectj\aspectjweaver\1.9.7\aspectjweaver-1.9.7.jar;C:\Users\Usuario\.m2\repository\org\springframework\boot\spring-boot-starter-jdbc\2.7.5\spring-boot-starter-jdbc-2.7.5.jar;C:\Users\Usuario\.m2\repository\com\zaxxer\HikariCP\4.0.3\HikariCP-4.0.3.jar;C:\Users\Usuario\.m2\repository\org\springframework\spring-jdbc\5.3.23\spring-jdbc-5.3.23.jar;C:\Users\Usuario\.m2\repository\jakarta\transaction\jakarta.transaction-api\1.3.3\jakarta.transaction-api-1.3.3.jar;C:\Users\Usuario\.m2\repository\jakarta\persistence\jakarta.persistence-api\2.2.3\jakarta.persistence-api-2.2.3.jar;C:\Users\Usuario\.m2\repository\org\hibernate\hibernate-core\5.6.12.Final\hibernate-core-5.6.12.Final.jar;C:\Users\Usuario\.m2\repository\org\jboss\logging\jboss-logging\3.4.3.Final\jboss-logging-3.4.3.Final.jar;C:\Users\Usuario\.m2\repository\net\bytebuddy\byte-buddy\1.12.18\byte-buddy-1.12.18.jar;C:\Users\Usuario\.m2\repository\antlr\antlr\2.7.7\antlr-2.7.7.jar;C:\Users\Usuario\.m2\repository\org\jboss\jandex\2.4.2.Final\jandex-2.4.2.Final.jar;C:\Users\Usuario\.m2\repository\com\fasterxml\classmate\1.5.1\classmate-1.5.1.jar;C:\Users\Usuario\.m2\repository\org\hibernate\common\hibernate-commons-annotations\5.1.2.Final\hibernate-commons-annotations-5.1.2.Final.jar;C:\Users\Usuario\.m2\repository\org\glassfish\jaxb\jaxb-runtime\2.3.7\jaxb-runtime-2.3.7.jar;C:\Users\Usuario\.m2\repository\org\glassfish\jaxb\txw2\2.3.7\txw2-2.3.7.jar;C:\Users\Usuario\.m2\repository\com\sun\istack\istack-co
Launcher Type: SUN_STANDARD

[Global flags]
     intx CICompilerCount                          = 4                                         {product} {ergonomic}
     uint ConcGCThreads                            = 3                                         {product} {ergonomic}
     uint G1ConcRefinementThreads                  = 10                                        {product} {ergonomic}
   size_t G1HeapRegionSize                         = 4194304                                   {product} {ergonomic}
    uintx GCDrainStackTargetSize                   = 64                                        {product} {ergonomic}
   size_t InitialHeapSize                          = 536870912                                 {product} {ergonomic}
     bool ManagementServer                         = true                                      {product} {command line}
   size_t MarkStackSize                            = 4194304                                   {product} {ergonomic}
   size_t MaxHeapSize                              = 8535408640                                {product} {ergonomic}
   size_t MaxNewSize                               = 5121245184                                {product} {ergonomic}
   size_t MinHeapDeltaBytes                        = 4194304                                   {product} {ergonomic}
   size_t MinHeapSize                              = 8388608                                   {product} {ergonomic}
    uintx NonProfiledCodeHeapSize                  = 0                                      {pd product} {ergonomic}
     bool ProfileInterpreter                       = false                                  {pd product} {command line}
    uintx ProfiledCodeHeapSize                     = 0                                      {pd product} {ergonomic}
     bool ShowCodeDetailsInExceptionMessages       = true                                   {manageable} {command line}
   size_t SoftMaxHeapSize                          = 8535408640                             {manageable} {ergonomic}
     intx TieredStopAtLevel                        = 1                                         {product} {command line}
     bool UseCompressedClassPointers               = true                           {product lp64_product} {ergonomic}
     bool UseCompressedOops                        = true                           {product lp64_product} {ergonomic}
     bool UseG1GC                                  = true                                      {product} {ergonomic}
     bool UseLargePagesIndividualAllocation        = false                                  {pd product} {ergonomic}

Logging:
Log output configuration:
 #0: stdout all=warning uptime,level,tags
 #1: stderr all=off uptime,level,tags

Environment Variables:
JAVA_HOME=C:\Program Files\Java\jdk1.8.0_331
PATH=C:\desenvolvimento\sts-4.14.1.RELEASE\plugins\org.eclipse.justj.openjdk.hotspot.jre.full.win32.x86_64_17.0.2.v20220201-1208\jre\bin;C:/desenvolvimento/sts-4.14.1.RELEASE//plugins/org.eclipse.justj.openjdk.hotspot.jre.full.win32.x86_64_17.0.2.v20220201-1208/jre/bin/server;C:/desenvolvimento/sts-4.14.1.RELEASE//plugins/org.eclipse.justj.openjdk.hotspot.jre.full.win32.x86_64_17.0.2.v20220201-1208/jre/bin;C:\Program Files\Microsoft MPI\Bin\;C:\Python310\Scripts\;C:\Python310\;C:\Program Files\Common Files\Oracle\Java\javapath;C:\Program Files (x86)\Common Files\Oracle\Java\javapath;C:\Windows\system32;C:\Windows;C:\Windows\System32\Wbem;C:\Windows\System32\WindowsPowerShell\v1.0\;C:\Windows\System32\OpenSSH\;C:\Program Files\nodejs\;C:\ProgramData\chocolatey\bin;C:\Program Files\Git\cmd;C:\Program Files\Amazon\AWSCLIV2\;C:\Program Files\PuTTY\;C:\Program Files\Java\jdk1.8.0_331\bin;C:\Program Files\Docker\Docker\resources\bin;C:\ProgramData\DockerDesktop\version-bin;C:\desenvolvimento\apps\maven-3.0.4\bin;C:\Program Files (x86)\Microsoft SQL Server\150\Tools\Binn\;C:\Program Files\Microsoft SQL Server\150\Tools\Binn\;C:\Program Files (x86)\Microsoft SQL Server\150\DTS\Binn\;C:\Program Files\Microsoft SQL Server\150\DTS\Binn\;C:\Program Files\Microsoft SQL Server\Client SDK\ODBC\170\Tools\Binn\;C:\Program Files\MySQL\MySQL Shell 8.0\bin\;C:\Users\Usuario\AppData\Local\Microsoft\WindowsApps;C:\Users\Usuario\AppData\Local\Programs\Microsoft VS Code\bin;C:\Users\Usuario\AppData\Roaming\npm;C:\Program Files\heroku\bin;C:\Program Files\JetBrains\IntelliJ IDEA 2022.1\bin;C:\Users\Usuario\AppData\Local\gitkraken\bin;C:\desenvolvimento\sts-4.14.1.RELEASE;
USERNAME=Usuario
OS=Windows_NT
PROCESSOR_IDENTIFIER=Intel64 Family 6 Model 165 Stepping 3, GenuineIntel



---------------  S Y S T E M  ---------------

OS:
 Windows 10 , 64 bit Build 19041 (10.0.19041.2251)
OS uptime: 2 days 12:59 hours
Hyper-V role detected

CPU: total 12 (initial active 12) (6 cores per cpu, 2 threads per core) family 6 model 165 stepping 3 microcode 0xe0, cx8, cmov, fxsr, ht, mmx, 3dnowpref, sse, sse2, sse3, ssse3, sse4.1, sse4.2, popcnt, lzcnt, tsc, tscinvbit, avx, avx2, aes, erms, clmul, bmi1, bmi2, adx, fma, vzeroupper, clflush, clflushopt, hv

Memory: 4k page, system-wide physical 32548M (17939M free)
TotalPageFile size 37412M (AvailPageFile size 17073M)
current process WorkingSet (physical memory assigned to process): 254M, peak: 381M
current process commit charge ("private bytes"): 291M, peak: 639M

vm_info: OpenJDK 64-Bit Server VM (17.0.2+8) for windows-amd64 JRE (17.0.2+8), built on Jan 20 2022 04:52:34 by "" with MS VC++ 16.7 (VS2019)

END.
